<?xml version="1.0" encoding="UTF-8"?>
<testng-results ignored="0" total="1" passed="1" failed="0" skipped="0">
  <reporter-output>
  </reporter-output>
  <suite started-at="2021-04-26T18:26:21 IST" name="Default suite" finished-at="2021-04-26T18:26:40 IST" duration-ms="18249">
    <groups>
    </groups>
    <test started-at="2021-04-26T18:26:21 IST" name="Default test" finished-at="2021-04-26T18:26:40 IST" duration-ms="18249">
      <class name="Academy.ValidateTitle">
        <test-method is-config="true" signature="initializeDriverInstance()[pri:0, instance:Academy.ValidateTitle@753432a2]" started-at="2021-04-26T18:26:21 IST" name="initializeDriverInstance" finished-at="2021-04-26T18:26:39 IST" duration-ms="17895" status="PASS">
          <reporter-output>
          </reporter-output>
        </test-method> <!-- initializeDriverInstance -->
        <test-method signature="valiadteTitleTest()[pri:0, instance:Academy.ValidateTitle@753432a2]" started-at="2021-04-26T18:26:39 IST" name="valiadteTitleTest" finished-at="2021-04-26T18:26:39 IST" duration-ms="207" status="PASS">
          <reporter-output>
          </reporter-output>
        </test-method> <!-- valiadteTitleTest -->
        <test-method is-config="true" signature="tearDown()[pri:0, instance:Academy.ValidateTitle@753432a2]" started-at="2021-04-26T18:26:39 IST" name="tearDown" finished-at="2021-04-26T18:26:40 IST" duration-ms="100" status="PASS">
          <reporter-output>
          </reporter-output>
        </test-method> <!-- tearDown -->
      </class> <!-- Academy.ValidateTitle -->
    </test> <!-- Default test -->
  </suite> <!-- Default suite -->
</testng-results>
